#
# A fatal error has been detected by the Java Runtime Environment:
#
#  EXCEPTION_ACCESS_VIOLATION (0xc0000005) at pc=0x00000233361d6624, pid=38556, tid=31396
#
# JRE version: Java(TM) SE Runtime Environment (21.0.2+13) (build 21.0.2+13-LTS-58)
# Java VM: Java HotSpot(TM) 64-Bit Server VM (21.0.2+13-LTS-58, mixed mode, sharing, tiered, compressed oops, compressed class ptrs, g1 gc, windows-amd64)
# Problematic frame:
# v  ~BufferBlob::MethodHandles adapters 0x00000233361d6624
#
# No core dump will be written. Minidumps are not enabled by default on client versions of Windows
#
# If you would like to submit a bug report, please visit:
#   https://bugreport.java.com/bugreport/crash.jsp
#

---------------  S U M M A R Y ------------

Command Line: -agentlib:jdwp=transport=dt_socket,server=n,suspend=y,address=localhost:57388 -XX:+ShowCodeDetailsInExceptionMessages com.example.demo.DemoApplication

Host: 12th Gen Intel(R) Core(TM) i5-1235U, 12 cores, 15G,  Windows 11 , 64 bit Build 26100 (10.0.26100.3323)
Time: Thu Mar 20 23:51:38 2025 Hora oficial do Brasil elapsed time: 597.267749 seconds (0d 0h 9m 57s)

---------------  T H R E A D  ---------------

Current thread (0x000002338d6ce270):  JavaThread "http-nio-8080-exec-1" daemon [_thread_in_Java, id=31396, stack(0x0000008220200000,0x0000008220300000) (1024K)]

Stack: [0x0000008220200000,0x0000008220300000],  sp=0x00000082202fd2e8,  free space=1012k
Native frames: (J=compiled Java code, j=interpreted, Vv=VM code, C=native code)
C  0x00000233361d6624

The last pc belongs to _linkToVirtual (printed below).

siginfo: EXCEPTION_ACCESS_VIOLATION (0xc0000005), reading address 0xffffffffffffffff


Registers:
RAX=0x000002333618969f, RBX=0x0000000708b3ac88, RCX=0x00000082202fd2f8, RDX=0x0000000000000003
RSP=0x00000082202fd2e8, RBP=0x00000082202fd340, RSI=0x000002338d8b9108, RDI=0x0000023392edd5f0
R8 =0x0000000000000004, R9 =0x0000000000000004, R10=0x00000233cf7cc273, R11=0xe1167736e1167663
R12=0x0000000000000000, R13=0x00000082202fd2e8, R14=0x00000082202fd368, R15=0x000002338d6ce270
RIP=0x00000233361d6624, EFLAGS=0x0000000000010202


Register to memory mapping:

RAX=0x000002333618969f is at code_begin+4639 in an Interpreter codelet
return entry points  [0x0000023336188480, 0x000002333618a550]  8400 bytes
RBX=0x0000000708b3ac88 is an oop: com.example.demo.dto.UsuarioDTO 
{0x0000000708b3ac88} - klass: 'com/example/demo/dto/UsuarioDTO'
 - ---- fields (total size 5 words):
 - private 'id' 'Ljava/lang/Long;' @12  a 'java/lang/Long'{0x00000007050babe0} = 0 (0xe0a1757c)
 - private 'nome' 'Ljava/lang/String;' @16  "string"{0x0000000708b3b318} (0xe1167663)
 - private 'cpf' 'Ljava/lang/String;' @20  "stringstrin"{0x0000000708b3b9b0} (0xe1167736)
 - private 'email' 'Ljava/lang/String;' @24  "string"{0x0000000708b3bfd0} (0xe11677fa)
 - private 'senha' 'Ljava/lang/String;' @28  "string"{0x0000000708b3c5e8} (0xe11678bd)
 - private 'dataNascimento' 'Ljava/time/LocalDate;' @32  a 'java/time/LocalDate'{0x0000000708b43130} (0xe1168626)
 - private 'telefone' 'Ljava/lang/String;' @36  "string"{0x0000000708b438a0} (0xe1168714)
RCX=0x00000082202fd2f8 is pointing into the stack for thread: 0x000002338d6ce270
RDX=0x0000000000000003 is an unknown value
RSP=0x00000082202fd2e8 is pointing into the stack for thread: 0x000002338d6ce270
RBP=0x00000082202fd340 is pointing into the stack for thread: 0x000002338d6ce270
RSI=0x000002338d8b9108 points into unknown readable memory: 0x80001533e1c9d666 | 66 d6 c9 e1 33 15 00 80
RDI=0x0000023392edd5f0 points into unknown readable memory: 0x0000002000000070 | 70 00 00 00 20 00 00 00
R8 =0x0000000000000004 is an unknown value
R9 =0x0000000000000004 is an unknown value
R10=0x00000233cf7cc273 is an unknown value
R11=0xe1167736e1167663 is an unknown value
R12=0x0 is null
R13=0x00000082202fd2e8 is pointing into the stack for thread: 0x000002338d6ce270
R14=0x00000082202fd368 is pointing into the stack for thread: 0x000002338d6ce270
R15=0x000002338d6ce270 is a thread

Top of Stack: (sp=0x00000082202fd2e8)
0x00000082202fd2e8:   000002333618969f 0000000707e05a28
0x00000082202fd2f8:   00000082202fd2f8 00000233887cc273
0x00000082202fd308:   0000000000000005 00000233887cc3c0
0x00000082202fd318:   00000233887cc688 000000070568f398
0x00000082202fd328:   00000233887cc280 00000082202fd2e8
0x00000082202fd338:   00000082202fd370 00000082202fd3d8
0x00000082202fd348:   000002333618969f 0000000708b47f98
0x00000082202fd358:   0000000708b3ac88 0000000707e05a28
0x00000082202fd368:   0000000708b48100 000002333618969f
0x00000082202fd378:   0000000708b3ac88 0000000707e05a28
0x00000082202fd388:   0000000708b48100 00000082202fd390
0x00000082202fd398:   00000233886bcad4 0000000000000009
0x00000082202fd3a8:   00000233886bcc20 0000000000000000
0x00000082202fd3b8:   000000070568edd0 00000233886bcae0
0x00000082202fd3c8:   00000082202fd378 00000082202fd430
0x00000082202fd3d8:   00000000e1167591 0000023336cb39fb
0x00000082202fd3e8:   0000000708b48100 0000000708b3ac88
0x00000082202fd3f8:   0000000708b482c8 0000000707e05a28
0x00000082202fd408:   0000000708b483c0 0000000708b3ac88
0x00000082202fd418:   0000000707e05a28 0000000708b48410
0x00000082202fd428:   0000023336cb2180 0000000707e8bdc8
0x00000082202fd438:   0000000708b48410 e0fd43f100000000
0x00000082202fd448:   0000000707e05a28 0000000708adf078
0x00000082202fd458:   0000000706a1f658 0000000708b48440
0x00000082202fd468:   000002338b55ff5f 0000000000000007
0x00000082202fd478:   0000000708adf078 0000000000000000
0x00000082202fd488:   0000000706a1df10 000002338b55d000
0x00000082202fd498:   00000007e1167591 0000000707ea1f88
0x00000082202fd4a8:   000002338b2c4338 0000000000000002
0x00000082202fd4b8:   000002338b405638 0000000000000000
0x00000082202fd4c8:   0000000706309e30 0000023336cb2180
0x00000082202fd4d8:   0000000000000000 00000082202fd550 

Instructions: (pc=0x00000233361d6624)
0x00000233361d6524:   33 02 00 00 80 65 1d 36 33 02 00 00 00 76 1d 36
0x00000233361d6534:   33 02 00 00 70 65 1d 36 33 02 00 00 70 65 1d 36
0x00000233361d6544:   33 02 00 00 00 00 00 00 00 00 00 00 f8 4f 53 74
0x00000233361d6554:   f8 7f 00 00 f0 10 00 00 60 00 00 00 ff ff ff ff
0x00000233361d6564:   f0 10 00 00 00 00 00 00 00 00 00 00 00 00 00 00
0x00000233361d6574:   00 00 00 00 00 00 00 00 00 00 00 00 f4 66 66 66
0x00000233361d6584:   0f 1f 84 00 00 00 00 00 66 66 66 90 66 66 66 0f
0x00000233361d6594:   1f 84 00 00 00 00 00 66 66 66 90 90 48 8b 53 08
0x00000233361d65a4:   0f b7 52 2e 48 8b 0c d4 8b 59 14 48 c1 e3 03 8b
0x00000233361d65b4:   5b 28 48 c1 e3 03 8b 5b 24 48 c1 e3 03 48 8b 5b
0x00000233361d65c4:   10 48 85 db 0f 84 10 00 00 00 41 80 bf e0 05 00
0x00000233361d65d4:   00 00 74 03 ff 63 38 ff 63 50 e9 1d c0 fd ff 66
0x00000233361d65e4:   66 66 0f 1f 84 00 00 00 00 00 66 66 66 90 66 66
0x00000233361d65f4:   0f 1f 84 00 00 00 00 00 66 66 66 90 48 8b 53 08
0x00000233361d6604:   0f b7 52 2e 48 8b 0c d4 58 5b 50 44 8b 51 08 49
0x00000233361d6614:   bb 00 00 00 47 33 02 00 00 4d 03 d3 4c 8b 5b 10
0x00000233361d6624:   4b 8b 9c da c8 01 00 00 48 85 db 0f 84 10 00 00
0x00000233361d6634:   00 41 80 bf e0 05 00 00 00 74 03 ff 63 38 ff 63
0x00000233361d6644:   50 e9 b6 bf fd ff 66 66 66 0f 1f 84 00 00 00 00
0x00000233361d6654:   00 66 66 66 90 0f 1f 80 00 00 00 00 58 5b 50 8b
0x00000233361d6664:   5b 24 48 c1 e3 03 48 8b 5b 10 48 85 db 0f 84 10
0x00000233361d6674:   00 00 00 41 80 bf e0 05 00 00 00 74 03 ff 63 38
0x00000233361d6684:   ff 63 50 e9 74 bf fd ff 66 66 66 0f 1f 84 00 00
0x00000233361d6694:   00 00 00 66 66 66 90 0f 1f 44 00 00 48 8b 53 08
0x00000233361d66a4:   0f b7 52 2e 48 8b 0c d4 58 5b 50 48 3b 01 8b 5b
0x00000233361d66b4:   24 48 c1 e3 03 48 8b 5b 10 48 85 db 0f 84 10 00
0x00000233361d66c4:   00 00 41 80 bf e0 05 00 00 00 74 03 ff 63 38 ff
0x00000233361d66d4:   63 50 e9 25 bf fd ff 0f 1f 44 00 00 48 8b 53 08
0x00000233361d66e4:   0f b7 52 2e 48 8b 0c d4 58 5b 50 44 8b 51 08 49
0x00000233361d66f4:   bb 00 00 00 47 33 02 00 00 4d 03 d3 8b 43 18 48
0x00000233361d6704:   c1 e0 03 48 8b 40 10 48 8b 5b 10 45 8b 9a a0 00
0x00000233361d6714:   00 00 4f 8d 9c da c8 01 00 00 4d 8d 14 da 49 8b 


Stack slot to memory mapping:

stack at sp + 0 slots: 0x000002333618969f is at code_begin+4639 in an Interpreter codelet
return entry points  [0x0000023336188480, 0x000002333618a550]  8400 bytes
stack at sp + 1 slots: 0x0000000707e05a28 is an oop: com.example.demo.controller.UsuarioController 
{0x0000000707e05a28} - klass: 'com/example/demo/controller/UsuarioController'
 - ---- fields (total size 2 words):
 - private 'usuarioService' 'Lcom/example/demo/service/UsuarioService;' @12  a 'com/example/demo/service/UsuarioService'{0x0000000707e008d0} (0xe0fc011a)
stack at sp + 2 slots: 0x00000082202fd2f8 is pointing into the stack for thread: 0x000002338d6ce270
stack at sp + 3 slots: 0x00000233887cc273 is pointing into metadata
stack at sp + 4 slots: 0x0000000000000005 is an unknown value
stack at sp + 5 slots: 0x00000233887cc3c0 is pointing into metadata
stack at sp + 6 slots: 0x00000233887cc688 is pointing into metadata
stack at sp + 7 slots: 0x000000070568f398 is an oop: java.lang.Class 
{0x000000070568f398} - klass: 'java/lang/Class'
 - ---- fields (total size 15 words):
 - private volatile transient 'classRedefinedCount' 'I' @12  0 (0x00000000)
 - injected 'klass' 'J' @16  2419275761664 (0x0000023348128800)
 - injected 'array_klass' 'J' @24  0 (0x0000000000000000)
 - injected 'oop_size' 'I' @32  15 (0x0000000f)
 - injected 'static_oop_field_count' 'I' @36  1 (0x00000001)
 - private volatile transient 'cachedConstructor' 'Ljava/lang/reflect/Constructor;' @40  null (0x00000000)
 - private transient 'name' 'Ljava/lang/String;' @44  null (0x00000000)
 - private transient 'module' 'Ljava/lang/Module;' @48  a 'java/lang/Module'{0x000000070503c7a8} (0xe0a078f5)
 - private final 'classLoader' 'Ljava/lang/ClassLoader;' @52  null (0x00000000)
 - private transient 'classData' 'Ljava/lang/Object;' @56  a 'java/lang/invoke/LambdaForm'{0x000000070568f238} => a 'java/lang/invoke/MemberName'{0x000000070568f368} = {method} {0x00000233887cc288} 'invokeVirtual' '(Ljava/lang/Object;Ljava/lang/Object;Ljava/lang/Object;)Ljava/lang/Object;' in 'java/lang/invoke/LambdaForm$DMH+0x0000023348128800' (0xe0ad1e47)
 - private transient 'packageName' 'Ljava/lang/String;' @60  null (0x00000000)
 - private final 'componentType' 'Ljava/lang/Class;' @64  null (0x00000000)
 - private volatile transient 'reflectionData' 'Ljava/lang/ref/SoftReference;' @68  null (0x00000000)
 - private volatile transient 'genericInfo' 'Lsun/reflect/generics/repository/ClassRepository;' @72  null (0x00000000)
 - private volatile transient 'enumConstants' '[Ljava/lang/Object;' @76  null (0x00000000)
 - private volatile transient 'enumConstantDirectory' 'Ljava/util/Map;' @80  null (0x00000000)
 - private volatile transient 'annotationData' 'Ljava/lang/Class$AnnotationData;' @84  null (0x00000000)
 - private volatile transient 'annotationType' 'Lsun/reflect/annotation/AnnotationType;' @88  null (0x00000000)
 - transient 'classValueMap' 'Ljava/lang/ClassValue$ClassValueMap;' @92  null (0x00000000)
 - injected 'protection_domain' 'Ljava/lang/Object;' @96  null (0x00000000)
 - injected 'signers_name' 'Ljava/lang/Object;' @100  null (0x00000000)
 - injected 'source_file' 'Ljava/lang/Object;' @104  null (0x00000000)
 - signature: Ljava/lang/invoke/LambdaForm$DMH+0x0000023348128800;
 - ---- static fields (1):
 - static final '_D_0' 'Ljava/lang/invoke/LambdaForm;' @112  a 'java/lang/invoke/LambdaForm'{0x000000070568f238} => a 'java/lang/invoke/MemberName'{0x000000070568f368} = {method} {0x00000233887cc288} 'invokeVirtual' '(Ljava/lang/Object;Ljava/lang/Object;Ljava/lang/Object;)Ljava/lang/Object;' in 'java/lang/invoke/LambdaForm$DMH+0x0000023348128800' (0xe0ad1e47)

MethodHandle::interpreter_entry::_linkToVirtual [0x00000233361d65e3, 0x00000233361d664a] (103 bytes)
[MachCode]
  0x00000233361d65e3: 6666 660f | 1f84 0000 | 0000 0066 | 6666 9066 | 660f 1f84 | 0000 0000 | 0066 6666 | 9048 8b53 
  0x00000233361d6603: 080f b752 | 2e48 8b0c | d458 5b50 | 448b 5108 | 49bb 0000 | 0047 3302 | 0000 4d03 | d34c 8b5b 
  0x00000233361d6623: 104b 8b9c | dac8 0100 | 0048 85db | 0f84 1000 | 0000 4180 | bfe0 0500 | 0000 7403 | ff63 38ff 
  0x00000233361d6643: 6350 e9b6 | 
[/MachCode]

---------------  P R O C E S S  ---------------

Threads class SMR info:
_java_thread_list=0x000002338dd8fc40, length=33, elements={
0x0000023345c1c010, 0x00000233465d0080, 0x00000233465d2700, 0x00000233465d4580,
0x00000233465d5d50, 0x00000233465d7100, 0x00000233465d9b00, 0x00000233465dc5b0,
0x00000233467af690, 0x00000233467afd10, 0x00000233467b0390, 0x00000233465d6a70,
0x00000233465d56c0, 0x000002338deca110, 0x0000023390a757d0, 0x0000023390a79970,
0x000002338d6cc830, 0x000002338d6cadf0, 0x000002338d6cb480, 0x000002338d6ccec0,
0x000002338d6ca760, 0x000002338d6ce270, 0x000002338d6d16f0, 0x000002338d6cef90,
0x000002338d6ce900, 0x000002338d6d09d0, 0x000002338d6d1d80, 0x000002338d6cf620,
0x000002338d6cfcb0, 0x000002338d6d0340, 0x000002338d6d1060, 0x0000023390a75140,
0x0000023390a75e60
}

Java Threads: ( => current thread )
  0x0000023345c1c010 JavaThread "Reference Handler"          daemon [_thread_blocked, id=28760, stack(0x000000821e100000,0x000000821e200000) (1024K)]
  0x00000233465d0080 JavaThread "Finalizer"                  daemon [_thread_blocked, id=38888, stack(0x000000821e200000,0x000000821e300000) (1024K)]
  0x00000233465d2700 JavaThread "Signal Dispatcher"          daemon [_thread_blocked, id=2304, stack(0x000000821e300000,0x000000821e400000) (1024K)]
  0x00000233465d4580 JavaThread "Attach Listener"            daemon [_thread_blocked, id=38996, stack(0x000000821e400000,0x000000821e500000) (1024K)]
  0x00000233465d5d50 JavaThread "Service Thread"             daemon [_thread_blocked, id=9132, stack(0x000000821e500000,0x000000821e600000) (1024K)]
  0x00000233465d7100 JavaThread "Monitor Deflation Thread"   daemon [_thread_blocked, id=32640, stack(0x000000821e600000,0x000000821e700000) (1024K)]
  0x00000233465d9b00 JavaThread "C2 CompilerThread0"         daemon [_thread_blocked, id=6508, stack(0x000000821e700000,0x000000821e800000) (1024K)]
  0x00000233465dc5b0 JavaThread "C1 CompilerThread0"         daemon [_thread_blocked, id=33860, stack(0x000000821e800000,0x000000821e900000) (1024K)]
  0x00000233467af690 JavaThread "JDWP Transport Listener: dt_socket" daemon [_thread_blocked, id=38560, stack(0x000000821e900000,0x000000821ea00000) (1024K)]
  0x00000233467afd10 JavaThread "JDWP Event Helper Thread"   daemon [_thread_blocked, id=31368, stack(0x000000821ea00000,0x000000821eb00000) (1024K)]
  0x00000233467b0390 JavaThread "JDWP Command Reader"        daemon [_thread_in_native, id=24844, stack(0x000000821eb00000,0x000000821ec00000) (1024K)]
  0x00000233465d6a70 JavaThread "Notification Thread"        daemon [_thread_blocked, id=47364, stack(0x000000821ec00000,0x000000821ed00000) (1024K)]
  0x00000233465d56c0 JavaThread "Common-Cleaner"             daemon [_thread_blocked, id=45148, stack(0x000000821ed00000,0x000000821ee00000) (1024K)]
  0x000002338deca110 JavaThread "PostgreSQL-JDBC-Cleaner"    daemon [_thread_blocked, id=23996, stack(0x0000008220100000,0x0000008220200000) (1024K)]
  0x0000023390a757d0 JavaThread "Live Reload Server"         daemon [_thread_in_native, id=22860, stack(0x0000008220600000,0x0000008220700000) (1024K)]
  0x0000023390a79970 JavaThread "DestroyJavaVM"                     [_thread_blocked, id=49148, stack(0x000000821d900000,0x000000821da00000) (1024K)]
  0x000002338d6cc830 JavaThread "Catalina-utility-1"                [_thread_blocked, id=45688, stack(0x000000821ee00000,0x000000821ef00000) (1024K)]
  0x000002338d6cadf0 JavaThread "Catalina-utility-2"                [_thread_blocked, id=40268, stack(0x000000821f000000,0x000000821f100000) (1024K)]
  0x000002338d6cb480 JavaThread "container-0"                       [_thread_blocked, id=37120, stack(0x000000821f700000,0x000000821f800000) (1024K)]
  0x000002338d6ccec0 JavaThread "HikariPool-4 housekeeper"   daemon [_thread_blocked, id=46540, stack(0x000000821ef00000,0x000000821f000000) (1024K)]
  0x000002338d6ca760 JavaThread "File Watcher"               daemon [_thread_blocked, id=25820, stack(0x0000008220000000,0x0000008220100000) (1024K)]
=>0x000002338d6ce270 JavaThread "http-nio-8080-exec-1"       daemon [_thread_in_Java, id=31396, stack(0x0000008220200000,0x0000008220300000) (1024K)]
  0x000002338d6d16f0 JavaThread "http-nio-8080-exec-2"       daemon [_thread_blocked, id=49608, stack(0x0000008220300000,0x0000008220400000) (1024K)]
  0x000002338d6cef90 JavaThread "http-nio-8080-exec-3"       daemon [_thread_blocked, id=31892, stack(0x0000008220400000,0x0000008220500000) (1024K)]
  0x000002338d6ce900 JavaThread "http-nio-8080-exec-4"       daemon [_thread_blocked, id=41144, stack(0x0000008220500000,0x0000008220600000) (1024K)]
  0x000002338d6d09d0 JavaThread "http-nio-8080-exec-5"       daemon [_thread_blocked, id=41500, stack(0x0000008220700000,0x0000008220800000) (1024K)]
  0x000002338d6d1d80 JavaThread "http-nio-8080-exec-6"       daemon [_thread_blocked, id=48584, stack(0x0000008220800000,0x0000008220900000) (1024K)]
  0x000002338d6cf620 JavaThread "http-nio-8080-exec-7"       daemon [_thread_blocked, id=22196, stack(0x0000008220900000,0x0000008220a00000) (1024K)]
  0x000002338d6cfcb0 JavaThread "http-nio-8080-exec-8"       daemon [_thread_blocked, id=28564, stack(0x0000008220a00000,0x0000008220b00000) (1024K)]
  0x000002338d6d0340 JavaThread "http-nio-8080-exec-9"       daemon [_thread_blocked, id=47492, stack(0x0000008220b00000,0x0000008220c00000) (1024K)]
  0x000002338d6d1060 JavaThread "http-nio-8080-exec-10"      daemon [_thread_blocked, id=3076, stack(0x0000008220c00000,0x0000008220d00000) (1024K)]
  0x0000023390a75140 JavaThread "http-nio-8080-Poller"       daemon [_thread_in_native, id=45932, stack(0x0000008220d00000,0x0000008220e00000) (1024K)]
  0x0000023390a75e60 JavaThread "http-nio-8080-Acceptor"     daemon [_thread_in_native, id=22600, stack(0x0000008220e00000,0x0000008220f00000) (1024K)]
Total: 33

Other Threads:
  0x0000023345bfe440 VMThread "VM Thread"                           [id=17520, stack(0x000000821e000000,0x000000821e100000) (1024K)] _threads_hazard_ptr=0x000002338dd8fc40
  0x0000023345be4dd0 WatcherThread "VM Periodic Task Thread"        [id=1892, stack(0x000000821df00000,0x000000821e000000) (1024K)]
  0x000002332685e210 WorkerThread "GC Thread#0"                     [id=24900, stack(0x000000821da00000,0x000000821db00000) (1024K)]
  0x000002338c84c750 WorkerThread "GC Thread#1"                     [id=48680, stack(0x000000821f100000,0x000000821f200000) (1024K)]
  0x000002338c84caf0 WorkerThread "GC Thread#2"                     [id=37900, stack(0x000000821f200000,0x000000821f300000) (1024K)]
  0x000002338c84ce90 WorkerThread "GC Thread#3"                     [id=21344, stack(0x000000821f300000,0x000000821f400000) (1024K)]
  0x000002338c47e4b0 WorkerThread "GC Thread#4"                     [id=20908, stack(0x000000821f400000,0x000000821f500000) (1024K)]
  0x000002338c40a870 WorkerThread "GC Thread#5"                     [id=44468, stack(0x000000821f500000,0x000000821f600000) (1024K)]
  0x000002338c40ac10 WorkerThread "GC Thread#6"                     [id=41392, stack(0x000000821f600000,0x000000821f700000) (1024K)]
  0x000002338caec130 WorkerThread "GC Thread#7"                     [id=39036, stack(0x000000821f900000,0x000000821fa00000) (1024K)]
  0x000002338caeb650 WorkerThread "GC Thread#8"                     [id=27244, stack(0x000000821fa00000,0x000000821fb00000) (1024K)]
  0x000002338caeb9f0 WorkerThread "GC Thread#9"                     [id=3908, stack(0x000000821fb00000,0x000000821fc00000) (1024K)]
  0x000002332686fca0 ConcurrentGCThread "G1 Main Marker"            [id=37116, stack(0x000000821db00000,0x000000821dc00000) (1024K)]
  0x0000023326871530 WorkerThread "G1 Conc#0"                       [id=41568, stack(0x000000821dc00000,0x000000821dd00000) (1024K)]
  0x000002338d97e0b0 WorkerThread "G1 Conc#1"                       [id=7872, stack(0x000000821f800000,0x000000821f900000) (1024K)]
  0x000002338d97e7f0 WorkerThread "G1 Conc#2"                       [id=43092, stack(0x000000821fc00000,0x000000821fd00000) (1024K)]
  0x000002332689e600 ConcurrentGCThread "G1 Refine#0"               [id=16564, stack(0x000000821dd00000,0x000000821de00000) (1024K)]
  0x00000233267ee9f0 ConcurrentGCThread "G1 Service"                [id=33096, stack(0x000000821de00000,0x000000821df00000) (1024K)]
Total: 18

Threads with active compile tasks:
Total: 0

VM state: synchronizing (normal execution)

VM Mutex/Monitor currently owned by a thread:  ([mutex/lock_event])
[0x00007ff8747bcd68] Threads_lock - owner thread: 0x0000023345bfe440

Heap address: 0x0000000704e00000, size: 4018 MB, Compressed Oops mode: Zero based, Oop shift amount: 3

CDS archive(s) mapped at: [0x0000023347000000-0x0000023347c90000-0x0000023347c90000), size 13172736, SharedBaseAddress: 0x0000023347000000, ArchiveRelocationMode: 1.
Compressed class space mapped at: 0x0000023348000000-0x0000023388000000, reserved size: 1073741824
Narrow klass base: 0x0000023347000000, Narrow klass shift: 0, Narrow klass range: 0x100000000

GC Precious Log:
 CardTable entry size: 512
 Card Set container configuration: InlinePtr #cards 4 size 8 Array Of Cards #cards 16 size 48 Howl #buckets 8 coarsen threshold 3686 Howl Bitmap #cards 512 size 80 coarsen threshold 460 Card regions per heap region 1 cards per card region 4096
 CPUs: 12 total, 12 available
 Memory: 16068M
 Large Page Support: Disabled
 NUMA Support: Disabled
 Compressed Oops: Enabled (Zero based)
 Heap Region Size: 2M
 Heap Min Capacity: 8M
 Heap Initial Capacity: 252M
 Heap Max Capacity: 4018M
 Pre-touch: Disabled
 Parallel Workers: 10
 Concurrent Workers: 3
 Concurrent Refinement Workers: 10
 Periodic GC: Disabled

Heap:
 garbage-first heap   total 102400K, used 78082K [0x0000000704e00000, 0x0000000800000000)
  region size 2048K, 24 young (49152K), 3 survivors (6144K)
 Metaspace       used 72984K, committed 73984K, reserved 1114112K
  class space    used 9615K, committed 10112K, reserved 1048576K

Heap Regions: E=young(eden), S=young(survivor), O=old, HS=humongous(starts), HC=humongous(continues), CS=collection set, F=free, TAMS=top-at-mark-start, PB=parsable bottom
|   0|0x0000000704e00000, 0x0000000705000000, 0x0000000705000000|100%| O|  |TAMS 0x0000000704e00000| PB 0x0000000704e00000| Untracked 
|   1|0x0000000705000000, 0x00000007051ffff8, 0x0000000705200000| 99%| O|  |TAMS 0x0000000705000000| PB 0x0000000705000000| Untracked 
|   2|0x0000000705200000, 0x0000000705400000, 0x0000000705400000|100%| O|  |TAMS 0x0000000705200000| PB 0x0000000705200000| Untracked 
|   3|0x0000000705400000, 0x00000007055fffc0, 0x0000000705600000| 99%| O|  |TAMS 0x0000000705400000| PB 0x0000000705400000| Untracked 
|   4|0x0000000705600000, 0x0000000705800000, 0x0000000705800000|100%| O|  |TAMS 0x0000000705600000| PB 0x0000000705600000| Untracked 
|   5|0x0000000705800000, 0x00000007059fffe0, 0x0000000705a00000| 99%| O|  |TAMS 0x0000000705800000| PB 0x0000000705800000| Untracked 
|   6|0x0000000705a00000, 0x0000000705bffff0, 0x0000000705c00000| 99%| O|  |TAMS 0x0000000705a00000| PB 0x0000000705a00000| Untracked 
|   7|0x0000000705c00000, 0x0000000705dffff8, 0x0000000705e00000| 99%| O|  |TAMS 0x0000000705c00000| PB 0x0000000705c00000| Untracked 
|   8|0x0000000705e00000, 0x0000000706000000, 0x0000000706000000|100%| O|  |TAMS 0x0000000705e00000| PB 0x0000000705e00000| Untracked 
|   9|0x0000000706000000, 0x00000007061fffe0, 0x0000000706200000| 99%| O|  |TAMS 0x0000000706000000| PB 0x0000000706000000| Untracked 
|  10|0x0000000706200000, 0x0000000706400000, 0x0000000706400000|100%| O|  |TAMS 0x0000000706200000| PB 0x0000000706200000| Untracked 
|  11|0x0000000706400000, 0x000000070649cf60, 0x0000000706600000| 30%| O|  |TAMS 0x0000000706400000| PB 0x0000000706400000| Untracked 
|  12|0x0000000706600000, 0x00000007067520d0, 0x0000000706800000| 66%| O|  |TAMS 0x0000000706600000| PB 0x0000000706600000| Untracked 
|  13|0x0000000706800000, 0x00000007069fffc8, 0x0000000706a00000| 99%| O|  |TAMS 0x0000000706800000| PB 0x0000000706800000| Untracked 
|  14|0x0000000706a00000, 0x0000000706bffff0, 0x0000000706c00000| 99%| O|  |TAMS 0x0000000706a00000| PB 0x0000000706a00000| Untracked 
|  15|0x0000000706c00000, 0x0000000706c63a40, 0x0000000706e00000| 19%| O|  |TAMS 0x0000000706c00000| PB 0x0000000706c00000| Untracked 
|  16|0x0000000706e00000, 0x0000000706f1e350, 0x0000000707000000| 55%| O|  |TAMS 0x0000000706e00000| PB 0x0000000706e00000| Untracked 
|  17|0x0000000707000000, 0x0000000707000000, 0x0000000707200000|  0%| F|  |TAMS 0x0000000707000000| PB 0x0000000707000000| Untracked 
|  18|0x0000000707200000, 0x00000007073ffff8, 0x0000000707400000| 99%| O|  |TAMS 0x0000000707200000| PB 0x0000000707200000| Untracked 
|  19|0x0000000707400000, 0x0000000707400000, 0x0000000707600000|  0%| F|  |TAMS 0x0000000707400000| PB 0x0000000707400000| Untracked 
|  20|0x0000000707600000, 0x0000000707600000, 0x0000000707800000|  0%| F|  |TAMS 0x0000000707600000| PB 0x0000000707600000| Untracked 
|  21|0x0000000707800000, 0x0000000707800000, 0x0000000707a00000|  0%| F|  |TAMS 0x0000000707800000| PB 0x0000000707800000| Untracked 
|  22|0x0000000707a00000, 0x0000000707acfe10, 0x0000000707c00000| 40%| S|CS|TAMS 0x0000000707a00000| PB 0x0000000707a00000| Complete 
|  23|0x0000000707c00000, 0x0000000707e00000, 0x0000000707e00000|100%| S|CS|TAMS 0x0000000707c00000| PB 0x0000000707c00000| Complete 
|  24|0x0000000707e00000, 0x0000000708000000, 0x0000000708000000|100%| S|CS|TAMS 0x0000000707e00000| PB 0x0000000707e00000| Complete 
|  25|0x0000000708000000, 0x0000000708000000, 0x0000000708200000|  0%| F|  |TAMS 0x0000000708000000| PB 0x0000000708000000| Untracked 
|  26|0x0000000708200000, 0x0000000708200000, 0x0000000708400000|  0%| F|  |TAMS 0x0000000708200000| PB 0x0000000708200000| Untracked 
|  27|0x0000000708400000, 0x0000000708400000, 0x0000000708600000|  0%| F|  |TAMS 0x0000000708400000| PB 0x0000000708400000| Untracked 
|  28|0x0000000708600000, 0x0000000708600000, 0x0000000708800000|  0%| F|  |TAMS 0x0000000708600000| PB 0x0000000708600000| Untracked 
|  29|0x0000000708800000, 0x0000000708851cc8, 0x0000000708a00000| 15%| E|  |TAMS 0x0000000708800000| PB 0x0000000708800000| Complete 
|  30|0x0000000708a00000, 0x0000000708c00000, 0x0000000708c00000|100%| E|CS|TAMS 0x0000000708a00000| PB 0x0000000708a00000| Complete 
|  31|0x0000000708c00000, 0x0000000708e00000, 0x0000000708e00000|100%| E|CS|TAMS 0x0000000708c00000| PB 0x0000000708c00000| Complete 
|  32|0x0000000708e00000, 0x0000000709000000, 0x0000000709000000|100%| E|CS|TAMS 0x0000000708e00000| PB 0x0000000708e00000| Complete 
|  33|0x0000000709000000, 0x0000000709200000, 0x0000000709200000|100%| E|CS|TAMS 0x0000000709000000| PB 0x0000000709000000| Complete 
|  34|0x0000000709200000, 0x0000000709400000, 0x0000000709400000|100%| E|CS|TAMS 0x0000000709200000| PB 0x0000000709200000| Complete 
|  35|0x0000000709400000, 0x0000000709600000, 0x0000000709600000|100%| E|CS|TAMS 0x0000000709400000| PB 0x0000000709400000| Complete 
|  36|0x0000000709600000, 0x0000000709800000, 0x0000000709800000|100%| E|CS|TAMS 0x0000000709600000| PB 0x0000000709600000| Complete 
|  37|0x0000000709800000, 0x0000000709a00000, 0x0000000709a00000|100%| E|CS|TAMS 0x0000000709800000| PB 0x0000000709800000| Complete 
|  38|0x0000000709a00000, 0x0000000709c00000, 0x0000000709c00000|100%| E|CS|TAMS 0x0000000709a00000| PB 0x0000000709a00000| Complete 
|  39|0x0000000709c00000, 0x0000000709e00000, 0x0000000709e00000|100%| E|CS|TAMS 0x0000000709c00000| PB 0x0000000709c00000| Complete 
|  40|0x0000000709e00000, 0x000000070a000000, 0x000000070a000000|100%| E|CS|TAMS 0x0000000709e00000| PB 0x0000000709e00000| Complete 
|  41|0x000000070a000000, 0x000000070a200000, 0x000000070a200000|100%| E|CS|TAMS 0x000000070a000000| PB 0x000000070a000000| Complete 
|  42|0x000000070a200000, 0x000000070a400000, 0x000000070a400000|100%| E|CS|TAMS 0x000000070a200000| PB 0x000000070a200000| Complete 
|  43|0x000000070a400000, 0x000000070a600000, 0x000000070a600000|100%| E|CS|TAMS 0x000000070a400000| PB 0x000000070a400000| Complete 
|  44|0x000000070a600000, 0x000000070a800000, 0x000000070a800000|100%| E|CS|TAMS 0x000000070a600000| PB 0x000000070a600000| Complete 
|  92|0x0000000710600000, 0x0000000710800000, 0x0000000710800000|100%| E|CS|TAMS 0x0000000710600000| PB 0x0000000710600000| Complete 
|  93|0x0000000710800000, 0x0000000710a00000, 0x0000000710a00000|100%| E|CS|TAMS 0x0000000710800000| PB 0x0000000710800000| Complete 
|  94|0x0000000710a00000, 0x0000000710c00000, 0x0000000710c00000|100%| E|CS|TAMS 0x0000000710a00000| PB 0x0000000710a00000| Complete 
|  95|0x0000000710c00000, 0x0000000710e00000, 0x0000000710e00000|100%| E|CS|TAMS 0x0000000710c00000| PB 0x0000000710c00000| Complete 
| 125|0x0000000714800000, 0x0000000714a00000, 0x0000000714a00000|100%| E|CS|TAMS 0x0000000714800000| PB 0x0000000714800000| Complete 

Card table byte_map: [0x000002333f0c0000,0x000002333f8a0000] _byte_map_base: 0x000002333b899000

Marking Bits: (CMBitMap*) 0x000002332685e820
 Bits: [0x000002333f8a0000, 0x0000023343768000)

Polling page: 0x0000023324f70000

Metaspace:

Usage:
  Non-class:     61.88 MB used.
      Class:      9.39 MB used.
       Both:     71.27 MB used.

Virtual space:
  Non-class space:       64.00 MB reserved,      62.38 MB ( 97%) committed,  1 nodes.
      Class space:        1.00 GB reserved,       9.88 MB ( <1%) committed,  1 nodes.
             Both:        1.06 GB reserved,      72.25 MB (  7%) committed. 

Chunk freelists:
   Non-Class:  1.12 MB
       Class:  6.10 MB
        Both:  7.23 MB

MaxMetaspaceSize: unlimited
CompressedClassSpaceSize: 1.00 GB
Initial GC threshold: 21.00 MB
Current GC threshold: 119.31 MB
CDS: on
 - commit_granule_bytes: 65536.
 - commit_granule_words: 8192.
 - virtual_space_node_default_size: 8388608.
 - enlarge_chunks_in_place: 1.
 - use_allocation_guard: 0.


Internal statistics:

num_allocs_failed_limit: 9.
num_arena_births: 1452.
num_arena_deaths: 2.
num_vsnodes_births: 2.
num_vsnodes_deaths: 0.
num_space_committed: 1156.
num_space_uncommitted: 0.
num_chunks_returned_to_freelist: 11.
num_chunks_taken_from_freelist: 4271.
num_chunk_merges: 9.
num_chunk_splits: 2984.
num_chunks_enlarged: 2187.
num_inconsistent_stats: 0.

CodeHeap 'non-profiled nmethods': size=120000Kb used=6486Kb max_used=6486Kb free=113514Kb
 bounds [0x0000023336720000, 0x0000023336d80000, 0x000002333dc50000]
CodeHeap 'profiled nmethods': size=120000Kb used=15074Kb max_used=15317Kb free=104925Kb
 bounds [0x000002332ec50000, 0x000002332fb60000, 0x0000023336180000]
CodeHeap 'non-nmethods': size=5760Kb used=1726Kb max_used=1801Kb free=4033Kb
 bounds [0x0000023336180000, 0x00000233363f0000, 0x0000023336720000]
 total_blobs=7893 nmethods=7194 adapters=602
 compilation: enabled
              stopped_count=0, restarted_count=0
 full_count=0

Compilation events (20 events):
Event: 551.404 Thread 0x00000233465d9b00 9514       4       java.util.HashMap::clear (50 bytes)
Event: 551.406 Thread 0x00000233465dc5b0 9517       3       com.fasterxml.jackson.databind.BeanDescription::getBeanClass (8 bytes)
Event: 551.406 Thread 0x00000233465dc5b0 nmethod 9517 0x000002332ef6f790 code [0x000002332ef6f920, 0x000002332ef6fa58]
Event: 551.406 Thread 0x00000233465dc5b0 9518       3       com.fasterxml.jackson.databind.introspect.POJOPropertyBuilder::getConstructorParameter (58 bytes)
Event: 551.407 Thread 0x00000233465dc5b0 nmethod 9518 0x000002332f5d5f90 code [0x000002332f5d6180, 0x000002332f5d6818]
Event: 551.407 Thread 0x00000233465d9b00 nmethod 9514 0x0000023336d73810 code [0x0000023336d739a0, 0x0000023336d73c68]
Event: 551.407 Thread 0x00000233465d9b00 9516       4       com.fasterxml.jackson.databind.introspect.AnnotationIntrospectorPair::findPropertyAccess (41 bytes)
Event: 551.413 Thread 0x00000233465d9b00 nmethod 9516 0x0000023336d73d10 code [0x0000023336d73f40, 0x0000023336d74450]
Event: 551.413 Thread 0x00000233465d9b00 9515       4       com.fasterxml.jackson.databind.introspect.AnnotationIntrospectorPair::hasAsKey (26 bytes)
Event: 551.415 Thread 0x00000233465d9b00 nmethod 9515 0x0000023336d74910 code [0x0000023336d74b00, 0x0000023336d74f98]
Event: 561.226 Thread 0x00000233465dc5b0 9519       3       org.apache.catalina.mapper.MapperListener::lifecycleEvent (180 bytes)
Event: 561.227 Thread 0x00000233465dc5b0 nmethod 9519 0x000002332ef76a10 code [0x000002332ef76d20, 0x000002332ef78530]
Event: 561.227 Thread 0x00000233465dc5b0 9520   !   3       org.apache.catalina.core.ContainerBase::getRealmInternal (38 bytes)
Event: 561.227 Thread 0x00000233465dc5b0 nmethod 9520 0x000002332ee7a510 code [0x000002332ee7a740, 0x000002332ee7ae98]
Event: 579.603 Thread 0x00000233465d9b00 9521       4       java.util.HashMap::entrySet (27 bytes)
Event: 579.604 Thread 0x00000233465d9b00 nmethod 9521 0x0000023336d75390 code [0x0000023336d75520, 0x0000023336d75700]
Event: 581.250 Thread 0x00000233465dc5b0 9522   !   3       org.apache.catalina.core.ContainerBase::getClusterInternal (38 bytes)
Event: 581.251 Thread 0x00000233465dc5b0 nmethod 9522 0x000002332f5cf610 code [0x000002332f5cf840, 0x000002332f5cff98]
Event: 581.251 Thread 0x00000233465dc5b0 9523       3       org.apache.catalina.core.StandardPipeline::getFirst (17 bytes)
Event: 581.251 Thread 0x00000233465dc5b0 nmethod 9523 0x000002332f3b3f10 code [0x000002332f3b40c0, 0x000002332f3b4238]

GC Heap History (20 events):
Event: 8.781 GC heap before
{Heap before GC invocations=8 (full 0):
 garbage-first heap   total 73728K, used 59160K [0x0000000704e00000, 0x0000000800000000)
  region size 2048K, 21 young (43008K), 2 survivors (4096K)
 Metaspace       used 46171K, committed 46784K, reserved 1114112K
  class space    used 5918K, committed 6208K, reserved 1048576K
}
Event: 8.788 GC heap after
{Heap after GC invocations=9 (full 0):
 garbage-first heap   total 73728K, used 22486K [0x0000000704e00000, 0x0000000800000000)
  region size 2048K, 3 young (6144K), 3 survivors (6144K)
 Metaspace       used 46171K, committed 46784K, reserved 1114112K
  class space    used 5918K, committed 6208K, reserved 1048576K
}
Event: 9.715 GC heap before
{Heap before GC invocations=9 (full 0):
 garbage-first heap   total 73728K, used 59350K [0x0000000704e00000, 0x0000000800000000)
  region size 2048K, 21 young (43008K), 3 survivors (6144K)
 Metaspace       used 56295K, committed 56960K, reserved 1114112K
  class space    used 7451K, committed 7744K, reserved 1048576K
}
Event: 9.726 GC heap after
{Heap after GC invocations=10 (full 0):
 garbage-first heap   total 73728K, used 24537K [0x0000000704e00000, 0x0000000800000000)
  region size 2048K, 3 young (6144K), 3 survivors (6144K)
 Metaspace       used 56295K, committed 56960K, reserved 1114112K
  class space    used 7451K, committed 7744K, reserved 1048576K
}
Event: 10.857 GC heap before
{Heap before GC invocations=10 (full 0):
 garbage-first heap   total 73728K, used 47065K [0x0000000704e00000, 0x0000000800000000)
  region size 2048K, 15 young (30720K), 3 survivors (6144K)
 Metaspace       used 59505K, committed 60096K, reserved 1114112K
  class space    used 7920K, committed 8192K, reserved 1048576K
}
Event: 10.865 GC heap after
{Heap after GC invocations=11 (full 0):
 garbage-first heap   total 102400K, used 26148K [0x0000000704e00000, 0x0000000800000000)
  region size 2048K, 3 young (6144K), 3 survivors (6144K)
 Metaspace       used 59505K, committed 60096K, reserved 1114112K
  class space    used 7920K, committed 8192K, reserved 1048576K
}
Event: 22.167 GC heap before
{Heap before GC invocations=12 (full 0):
 garbage-first heap   total 102400K, used 81444K [0x0000000704e00000, 0x0000000800000000)
  region size 2048K, 30 young (61440K), 3 survivors (6144K)
 Metaspace       used 66415K, committed 67264K, reserved 1114112K
  class space    used 8935K, committed 9344K, reserved 1048576K
}
Event: 22.176 GC heap after
{Heap after GC invocations=13 (full 0):
 garbage-first heap   total 102400K, used 31348K [0x0000000704e00000, 0x0000000800000000)
  region size 2048K, 4 young (8192K), 4 survivors (8192K)
 Metaspace       used 66415K, committed 67264K, reserved 1114112K
  class space    used 8935K, committed 9344K, reserved 1048576K
}
Event: 439.479 GC heap before
{Heap before GC invocations=13 (full 0):
 garbage-first heap   total 102400K, used 70260K [0x0000000704e00000, 0x0000000800000000)
  region size 2048K, 24 young (49152K), 4 survivors (8192K)
 Metaspace       used 70812K, committed 71744K, reserved 1114112K
  class space    used 9527K, committed 9984K, reserved 1048576K
}
Event: 439.552 GC heap after
{Heap after GC invocations=14 (full 1):
 garbage-first heap   total 102400K, used 29347K [0x0000000704e00000, 0x0000000800000000)
  region size 2048K, 0 young (0K), 0 survivors (0K)
 Metaspace       used 70812K, committed 71744K, reserved 1114112K
  class space    used 9527K, committed 9984K, reserved 1048576K
}
Event: 441.527 GC heap before
{Heap before GC invocations=14 (full 1):
 garbage-first heap   total 102400K, used 82595K [0x0000000704e00000, 0x0000000800000000)
  region size 2048K, 27 young (55296K), 0 survivors (0K)
 Metaspace       used 71393K, committed 72448K, reserved 1114112K
  class space    used 9547K, committed 10048K, reserved 1048576K
}
Event: 441.532 GC heap after
{Heap after GC invocations=15 (full 1):
 garbage-first heap   total 102400K, used 34425K [0x0000000704e00000, 0x0000000800000000)
  region size 2048K, 3 young (6144K), 3 survivors (6144K)
 Metaspace       used 71393K, committed 72448K, reserved 1114112K
  class space    used 9547K, committed 10048K, reserved 1048576K
}
Event: 534.115 GC heap before
{Heap before GC invocations=15 (full 1):
 garbage-first heap   total 102400K, used 71289K [0x0000000704e00000, 0x0000000800000000)
  region size 2048K, 22 young (45056K), 3 survivors (6144K)
 Metaspace       used 71683K, committed 72640K, reserved 1114112K
  class space    used 9555K, committed 10048K, reserved 1048576K
}
Event: 534.194 GC heap after
{Heap after GC invocations=16 (full 2):
 garbage-first heap   total 102400K, used 29510K [0x0000000704e00000, 0x0000000800000000)
  region size 2048K, 0 young (0K), 0 survivors (0K)
 Metaspace       used 71681K, committed 72640K, reserved 1114112K
  class space    used 9554K, committed 10048K, reserved 1048576K
}
Event: 536.344 GC heap before
{Heap before GC invocations=16 (full 2):
 garbage-first heap   total 102400K, used 80710K [0x0000000704e00000, 0x0000000800000000)
  region size 2048K, 26 young (53248K), 0 survivors (0K)
 Metaspace       used 72114K, committed 73088K, reserved 1114112K
  class space    used 9570K, committed 10048K, reserved 1048576K
}
Event: 536.354 GC heap after
{Heap after GC invocations=17 (full 2):
 garbage-first heap   total 102400K, used 34629K [0x0000000704e00000, 0x0000000800000000)
  region size 2048K, 3 young (6144K), 3 survivors (6144K)
 Metaspace       used 72114K, committed 73088K, reserved 1114112K
  class space    used 9570K, committed 10048K, reserved 1048576K
}
Event: 539.096 GC heap before
{Heap before GC invocations=17 (full 2):
 garbage-first heap   total 102400K, used 71493K [0x0000000704e00000, 0x0000000800000000)
  region size 2048K, 22 young (45056K), 3 survivors (6144K)
 Metaspace       used 72315K, committed 73280K, reserved 1114112K
  class space    used 9577K, committed 10048K, reserved 1048576K
}
Event: 539.287 GC heap after
{Heap after GC invocations=18 (full 3):
 garbage-first heap   total 102400K, used 32195K [0x0000000704e00000, 0x0000000800000000)
  region size 2048K, 0 young (0K), 0 survivors (0K)
 Metaspace       used 72315K, committed 73280K, reserved 1114112K
  class space    used 9577K, committed 10048K, reserved 1048576K
}
Event: 542.015 GC heap before
{Heap before GC invocations=18 (full 3):
 garbage-first heap   total 102400K, used 81347K [0x0000000704e00000, 0x0000000800000000)
  region size 2048K, 25 young (51200K), 0 survivors (0K)
 Metaspace       used 72642K, committed 73664K, reserved 1114112K
  class space    used 9597K, committed 10112K, reserved 1048576K
}
Event: 542.025 GC heap after
{Heap after GC invocations=19 (full 3):
 garbage-first heap   total 102400K, used 37122K [0x0000000704e00000, 0x0000000800000000)
  region size 2048K, 3 young (6144K), 3 survivors (6144K)
 Metaspace       used 72642K, committed 73664K, reserved 1114112K
  class space    used 9597K, committed 10112K, reserved 1048576K
}

Dll operation events (11 events):
Event: 0.011 Loaded shared library C:\Program Files\Java\jdk-21\bin\java.dll
Event: 0.034 Loaded shared library C:\Program Files\Java\jdk-21\bin\jsvml.dll
Event: 0.296 Loaded shared library C:\Program Files\Java\jdk-21\bin\net.dll
Event: 0.298 Loaded shared library C:\Program Files\Java\jdk-21\bin\nio.dll
Event: 0.305 Loaded shared library C:\Program Files\Java\jdk-21\bin\zip.dll
Event: 0.414 Loaded shared library C:\Program Files\Java\jdk-21\bin\jimage.dll
Event: 0.822 Loaded shared library C:\Program Files\Java\jdk-21\bin\management.dll
Event: 0.824 Loaded shared library C:\Program Files\Java\jdk-21\bin\management_ext.dll
Event: 1.781 Loaded shared library C:\Program Files\Java\jdk-21\bin\sunmscapi.dll
Event: 7.049 Loaded shared library C:\Program Files\Java\jdk-21\bin\verify.dll
Event: 7.553 Loaded shared library C:\Program Files\Java\jdk-21\bin\extnet.dll

Deoptimization events (20 events):
Event: 551.405 Thread 0x000002338d6ce270 DEOPT PACKING pc=0x000002332f1f7f41 sp=0x00000082202fb160
Event: 551.405 Thread 0x000002338d6ce270 DEOPT UNPACKING pc=0x00000233361d4e42 sp=0x00000082202fa638 mode 1
Event: 551.405 Thread 0x000002338d6ce270 DEOPT PACKING pc=0x000002332f1f6874 sp=0x00000082202fb1f0
Event: 551.405 Thread 0x000002338d6ce270 DEOPT UNPACKING pc=0x00000233361d4e42 sp=0x00000082202fa7a0 mode 1
Event: 551.405 Thread 0x000002338d6ce270 DEOPT PACKING pc=0x000002332f1f3cbc sp=0x00000082202fb360
Event: 551.405 Thread 0x000002338d6ce270 DEOPT UNPACKING pc=0x00000233361d4e42 sp=0x00000082202fa900 mode 1
Event: 551.405 Thread 0x000002338d6ce270 DEOPT PACKING pc=0x000002332f1f7f41 sp=0x00000082202fb160
Event: 551.405 Thread 0x000002338d6ce270 DEOPT UNPACKING pc=0x00000233361d4e42 sp=0x00000082202fa638 mode 1
Event: 551.405 Thread 0x000002338d6ce270 DEOPT PACKING pc=0x000002332f1f6874 sp=0x00000082202fb1f0
Event: 551.405 Thread 0x000002338d6ce270 DEOPT UNPACKING pc=0x00000233361d4e42 sp=0x00000082202fa7a0 mode 1
Event: 551.405 Thread 0x000002338d6ce270 DEOPT PACKING pc=0x000002332f1f3cbc sp=0x00000082202fb360
Event: 551.405 Thread 0x000002338d6ce270 DEOPT UNPACKING pc=0x00000233361d4e42 sp=0x00000082202fa900 mode 1
Event: 554.517 Thread 0x000002338d6ce270 DEOPT PACKING pc=0x000002332f1f7f41 sp=0x00000082202fb220
Event: 554.517 Thread 0x000002338d6ce270 DEOPT UNPACKING pc=0x00000233361d4e42 sp=0x00000082202fa6f8 mode 1
Event: 554.517 Thread 0x000002338d6ce270 DEOPT PACKING pc=0x000002332f1f6874 sp=0x00000082202fb2b0
Event: 554.517 Thread 0x000002338d6ce270 DEOPT UNPACKING pc=0x00000233361d4e42 sp=0x00000082202fa860 mode 1
Event: 554.517 Thread 0x000002338d6ce270 DEOPT PACKING pc=0x000002332f1f3cbc sp=0x00000082202fb420
Event: 554.517 Thread 0x000002338d6ce270 DEOPT UNPACKING pc=0x00000233361d4e42 sp=0x00000082202fa9c0 mode 1
Event: 597.194 Thread 0x000002338d6ce270 DEOPT PACKING pc=0x000002332f487144 sp=0x00000082202fd300
Event: 597.194 Thread 0x000002338d6ce270 DEOPT UNPACKING pc=0x00000233361d4e42 sp=0x00000082202fc7a8 mode 0

Classes loaded (20 events):
Event: 439.473 Loading class java/util/WeakHashMap$KeyIterator
Event: 439.473 Loading class java/util/WeakHashMap$HashIterator
Event: 439.474 Loading class java/util/WeakHashMap$HashIterator done
Event: 439.474 Loading class java/util/WeakHashMap$KeyIterator done
Event: 439.552 Loading class java/lang/ref/Finalizer$2
Event: 439.553 Loading class java/lang/ref/Finalizer$2 done
Event: 439.554 Loading class java/lang/ref/Finalizer$1
Event: 439.554 Loading class java/lang/ref/Finalizer$1 done
Event: 440.714 Loading class java/util/WeakHashMap$EntrySet
Event: 440.716 Loading class java/util/WeakHashMap$EntrySet done
Event: 440.716 Loading class java/util/WeakHashMap$EntryIterator
Event: 440.717 Loading class java/util/WeakHashMap$EntryIterator done
Event: 536.663 Loading class sun/reflect/annotation/TypeAnnotation$TypeAnnotationTargetInfo
Event: 536.665 Loading class sun/reflect/annotation/TypeAnnotation$TypeAnnotationTargetInfo done
Event: 551.404 Loading class java/io/PushbackInputStream
Event: 551.404 Loading class java/io/PushbackInputStream done
Event: 551.419 Loading class java/time/format/DateTimeParseContext
Event: 551.419 Loading class java/time/format/DateTimeParseContext done
Event: 551.419 Loading class java/time/format/Parsed
Event: 551.419 Loading class java/time/format/Parsed done

Classes unloaded (1 events):
Event: 534.143 Thread 0x0000023345bfe440 Unloading class 0x00000233489cc000 'org/apache/catalina/loader/JdbcLeakPrevention'

Classes redefined (9 events):
Event: 436.981 Thread 0x0000023345bfe440 redefined class name=com.example.demo.dto.UsuarioDTO, count=1
Event: 525.900 Thread 0x0000023345bfe440 redefined class name=com.example.demo.controller.UsuarioController, count=1
Event: 525.900 Thread 0x0000023345bfe440 redefined class name=com.example.demo.controller.UsuarioController, count=1
Event: 527.037 Thread 0x0000023345bfe440 redefined class name=com.example.demo.controller.UsuarioController, count=2
Event: 527.037 Thread 0x0000023345bfe440 redefined class name=com.example.demo.controller.UsuarioController, count=2
Event: 597.221 Thread 0x0000023345bfe440 redefined class name=com.example.demo.controller.UsuarioController, count=3
Event: 597.221 Thread 0x0000023345bfe440 redefined class name=com.example.demo.controller.UsuarioController, count=1
Event: 597.221 Thread 0x0000023345bfe440 redefined class name=com.example.demo.controller.UsuarioController, count=1
Event: 597.221 Thread 0x0000023345bfe440 redefined class name=com.example.demo.controller.UsuarioController, count=3

Internal exceptions (20 events):
Event: 535.344 Thread 0x0000023390a74420 Exception <a 'java/lang/NoClassDefFoundError'{0x000000070955bb10}: liquibase/integration/spring/SpringLiquibase> (0x000000070955bb10) 
thrown [s\open\src\hotspot\share\oops\constantPool.cpp, line 871]
Event: 535.357 Thread 0x0000023390a74420 Exception <a 'java/lang/NoClassDefFoundError'{0x00000007095c0660}: org/jooq/DSLContext> (0x00000007095c0660) 
thrown [s\open\src\hotspot\share\oops\constantPool.cpp, line 871]
Event: 535.358 Thread 0x0000023390a74420 Exception <a 'java/lang/NoClassDefFoundError'{0x00000007095c98b0}: org/springframework/batch/core/repository/JobRepository> (0x00000007095c98b0) 
thrown [s\open\src\hotspot\share\oops\constantPool.cpp, line 871]
Event: 535.358 Thread 0x0000023390a74420 Exception <a 'java/lang/NoClassDefFoundError'{0x00000007095c9f08}: org/quartz/Scheduler> (0x00000007095c9f08) 
thrown [s\open\src\hotspot\share\oops\constantPool.cpp, line 871]
Event: 535.358 Thread 0x0000023390a74420 Exception <a 'java/lang/NoClassDefFoundError'{0x00000007095ca588}: org/springframework/session/jdbc/JdbcIndexedSessionRepository> (0x00000007095ca588) 
thrown [s\open\src\hotspot\share\oops\constantPool.cpp, line 871]
Event: 535.529 Thread 0x0000023390a74420 Exception <a 'java/io/FileNotFoundException'{0x0000000708a0f118}> (0x0000000708a0f118) 
thrown [s\open\src\hotspot\share\prims\jni.cpp, line 520]
Event: 535.594 Thread 0x0000023390a74420 Exception <a 'java/io/FileNotFoundException'{0x0000000708bd33a8}> (0x0000000708bd33a8) 
thrown [s\open\src\hotspot\share\prims\jni.cpp, line 520]
Event: 536.191 Thread 0x0000023390a74420 Implicit null exception at 0x0000023336d22edb to 0x0000023336d232b8
Event: 539.092 Thread 0x0000023390a75140 Exception <a 'java/lang/InterruptedException'{0x0000000708cb83a0}: sleep interrupted> (0x0000000708cb83a0) 
thrown [s\open\src\hotspot\share\prims\jvm.cpp, line 3074]
Event: 539.371 Thread 0x000002338d6cdbe0 Exception <a 'sun/nio/fs/WindowsException'{0x0000000714881e38}> (0x0000000714881e38) 
thrown [s\open\src\hotspot\share\prims\jni.cpp, line 520]
Event: 539.558 Thread 0x0000023390a75e60 Exception <a 'java/lang/NullPointerException'{0x0000000710abd150}> (0x0000000710abd150) 
thrown [s\open\src\hotspot\share\interpreter\linkResolver.cpp, line 1456]
Event: 540.894 Thread 0x000002338d6cdbe0 Exception <a 'java/lang/NoClassDefFoundError'{0x0000000709577c80}: org/flywaydb/core/Flyway> (0x0000000709577c80) 
thrown [s\open\src\hotspot\share\oops\constantPool.cpp, line 871]
Event: 540.894 Thread 0x000002338d6cdbe0 Exception <a 'java/lang/NoClassDefFoundError'{0x00000007095782e0}: liquibase/integration/spring/SpringLiquibase> (0x00000007095782e0) 
thrown [s\open\src\hotspot\share\oops\constantPool.cpp, line 871]
Event: 540.920 Thread 0x000002338d6cdbe0 Exception <a 'java/lang/NoClassDefFoundError'{0x00000007095dce00}: org/jooq/DSLContext> (0x00000007095dce00) 
thrown [s\open\src\hotspot\share\oops\constantPool.cpp, line 871]
Event: 540.921 Thread 0x000002338d6cdbe0 Exception <a 'java/lang/NoClassDefFoundError'{0x00000007095e6050}: org/springframework/batch/core/repository/JobRepository> (0x00000007095e6050) 
thrown [s\open\src\hotspot\share\oops\constantPool.cpp, line 871]
Event: 540.921 Thread 0x000002338d6cdbe0 Exception <a 'java/lang/NoClassDefFoundError'{0x00000007095e66a8}: org/quartz/Scheduler> (0x00000007095e66a8) 
thrown [s\open\src\hotspot\share\oops\constantPool.cpp, line 871]
Event: 540.921 Thread 0x000002338d6cdbe0 Exception <a 'java/lang/NoClassDefFoundError'{0x00000007095e6d28}: org/springframework/session/jdbc/JdbcIndexedSessionRepository> (0x00000007095e6d28) 
thrown [s\open\src\hotspot\share\oops\constantPool.cpp, line 871]
Event: 541.149 Thread 0x000002338d6cdbe0 Exception <a 'java/io/FileNotFoundException'{0x0000000708a28850}> (0x0000000708a28850) 
thrown [s\open\src\hotspot\share\prims\jni.cpp, line 520]
Event: 541.208 Thread 0x000002338d6cdbe0 Exception <a 'java/io/FileNotFoundException'{0x0000000708bede88}> (0x0000000708bede88) 
thrown [s\open\src\hotspot\share\prims\jni.cpp, line 520]
Event: 573.139 Thread 0x000002338d6ce270 Exception <a 'java/lang/NullPointerException'{0x0000000708b4b078}> (0x0000000708b4b078) 
thrown [s\open\src\hotspot\share\interpreter\linkResolver.cpp, line 1456]

ZGC Phase Switch (0 events):
No events

VM Operations (20 events):
Event: 576.837 Executing VM operation: get/set locals
Event: 576.837 Executing VM operation: get/set locals done
Event: 576.837 Executing VM operation: ChangeSingleStep
Event: 576.837 Executing VM operation: ChangeSingleStep done
Event: 576.838 Executing VM operation: ChangeSingleStep
Event: 576.838 Executing VM operation: ChangeSingleStep done
Event: 576.942 Executing VM operation: get/set locals
Event: 576.942 Executing VM operation: get/set locals done
Event: 576.942 Executing VM operation: get/set locals
Event: 576.942 Executing VM operation: get/set locals done
Event: 576.943 Executing VM operation: get/set locals
Event: 576.943 Executing VM operation: get/set locals done
Event: 597.194 Executing VM operation: ChangeSingleStep
Event: 597.194 Executing VM operation: ChangeSingleStep done
Event: 597.194 Executing VM operation: ChangeSingleStep
Event: 597.194 Executing VM operation: ChangeSingleStep done
Event: 597.208 Executing VM operation: RedefineClasses
Event: 597.243 Executing VM operation: RedefineClasses done
Event: 597.249 Executing VM operation: ChangeSingleStep
Event: 597.249 Executing VM operation: ChangeSingleStep done

Events (20 events):
Event: 541.973 Thread 0x000002338d809e30 Thread exited: 0x000002338d809e30
Event: 542.069 Thread 0x000002338d809e30 Thread added: 0x000002338d809e30
Event: 542.828 Thread 0x000002338d6ca760 Thread added: 0x000002338d6ca760
Event: 542.855 Thread 0x000002338d6ce270 Thread added: 0x000002338d6ce270
Event: 542.856 Thread 0x000002338d6d16f0 Thread added: 0x000002338d6d16f0
Event: 542.857 Thread 0x000002338d6cef90 Thread added: 0x000002338d6cef90
Event: 542.857 Thread 0x000002338d6ce900 Thread added: 0x000002338d6ce900
Event: 542.858 Thread 0x000002338d6d09d0 Thread added: 0x000002338d6d09d0
Event: 542.859 Thread 0x000002338d6d1d80 Thread added: 0x000002338d6d1d80
Event: 542.859 Thread 0x000002338d6cf620 Thread added: 0x000002338d6cf620
Event: 542.859 Thread 0x000002338d6cfcb0 Thread added: 0x000002338d6cfcb0
Event: 542.861 Thread 0x000002338d6d0340 Thread added: 0x000002338d6d0340
Event: 542.861 Thread 0x000002338d6d1060 Thread added: 0x000002338d6d1060
Event: 542.865 Thread 0x0000023390a75140 Thread added: 0x0000023390a75140
Event: 542.866 Thread 0x0000023390a75e60 Thread added: 0x0000023390a75e60
Event: 542.886 Thread 0x000002338d6cdbe0 Thread exited: 0x000002338d6cdbe0
Event: 542.887 Thread 0x000002338d6cc1a0 Thread exited: 0x000002338d6cc1a0
Event: 543.813 Thread 0x000002338d809e30 Thread exited: 0x000002338d809e30
Event: 543.816 Thread 0x000002334684f070 Thread exited: 0x000002334684f070
Event: 549.104 Thread 0x000002338d6cbb10 Thread exited: 0x000002338d6cbb10


Dynamic libraries:
0x00007ff79ee50000 - 0x00007ff79ee60000 	C:\Program Files\Java\jdk-21\bin\java.exe
0x00007ff9b9020000 - 0x00007ff9b9283000 	C:\WINDOWS\SYSTEM32\ntdll.dll
0x00007ff9b7710000 - 0x00007ff9b77d7000 	C:\WINDOWS\System32\KERNEL32.DLL
0x00007ff9b6220000 - 0x00007ff9b65e9000 	C:\WINDOWS\System32\KERNELBASE.dll
0x00007ff9b6870000 - 0x00007ff9b69bc000 	C:\WINDOWS\System32\ucrtbase.dll
0x00007ff98c0f0000 - 0x00007ff98c10b000 	C:\Program Files\Java\jdk-21\bin\VCRUNTIME140.dll
0x00007ff9866e0000 - 0x00007ff9866f9000 	C:\Program Files\Java\jdk-21\bin\jli.dll
0x00007ff9b6e40000 - 0x00007ff9b6ef2000 	C:\WINDOWS\System32\ADVAPI32.dll
0x00007ff9b8f30000 - 0x00007ff9b8fd9000 	C:\WINDOWS\System32\msvcrt.dll
0x00007ff9b8e40000 - 0x00007ff9b8ee6000 	C:\WINDOWS\System32\sechost.dll
0x00007ff9b70f0000 - 0x00007ff9b7206000 	C:\WINDOWS\System32\RPCRT4.dll
0x00007ff9b8be0000 - 0x00007ff9b8daa000 	C:\WINDOWS\System32\USER32.dll
0x00007ff9b6a60000 - 0x00007ff9b6a87000 	C:\WINDOWS\System32\win32u.dll
0x00007ff9b70c0000 - 0x00007ff9b70ea000 	C:\WINDOWS\System32\GDI32.dll
0x00007ff9b6680000 - 0x00007ff9b67b1000 	C:\WINDOWS\System32\gdi32full.dll
0x00007ff992e50000 - 0x00007ff9930e0000 	C:\WINDOWS\WinSxS\amd64_microsoft.windows.common-controls_6595b64144ccf1df_6.0.26100.3323_none_3e088096e3344490\COMCTL32.dll
0x00007ff9b67c0000 - 0x00007ff9b6863000 	C:\WINDOWS\System32\msvcp_win.dll
0x00007ff9a0290000 - 0x00007ff9a029b000 	C:\WINDOWS\SYSTEM32\VERSION.dll
0x00007ff9b8ef0000 - 0x00007ff9b8f1f000 	C:\WINDOWS\System32\IMM32.DLL
0x00007ff9917b0000 - 0x00007ff9917bc000 	C:\Program Files\Java\jdk-21\bin\vcruntime140_1.dll
0x00007ff93d4d0000 - 0x00007ff93d55e000 	C:\Program Files\Java\jdk-21\bin\msvcp140.dll
0x00007ff873b80000 - 0x00007ff874897000 	C:\Program Files\Java\jdk-21\bin\server\jvm.dll
0x00007ff9b7260000 - 0x00007ff9b72d4000 	C:\WINDOWS\System32\WS2_32.dll
0x00007ff9b60b0000 - 0x00007ff9b60fe000 	C:\WINDOWS\SYSTEM32\POWRPROF.dll
0x00007ff9a4170000 - 0x00007ff9a41a6000 	C:\WINDOWS\SYSTEM32\WINMM.dll
0x00007ff9b6090000 - 0x00007ff9b60a4000 	C:\WINDOWS\SYSTEM32\UMPDC.dll
0x00007ff9b5040000 - 0x00007ff9b505a000 	C:\WINDOWS\SYSTEM32\kernel.appcore.dll
0x00007ff991660000 - 0x00007ff99166a000 	C:\Program Files\Java\jdk-21\bin\jimage.dll
0x00007ff9b3a10000 - 0x00007ff9b3c51000 	C:\WINDOWS\SYSTEM32\DBGHELP.DLL
0x00007ff9b7380000 - 0x00007ff9b7702000 	C:\WINDOWS\System32\combase.dll
0x00007ff9b8b00000 - 0x00007ff9b8bd6000 	C:\WINDOWS\System32\OLEAUT32.dll
0x00007ff99efe0000 - 0x00007ff99f019000 	C:\WINDOWS\SYSTEM32\dbgcore.DLL
0x00007ff9b69c0000 - 0x00007ff9b6a59000 	C:\WINDOWS\System32\bcryptPrimitives.dll
0x00007ff996570000 - 0x00007ff9965ac000 	C:\Program Files\Java\jdk-21\bin\jdwp.dll
0x00007ff9860d0000 - 0x00007ff9860ef000 	C:\Program Files\Java\jdk-21\bin\java.dll
0x00007ff9b77f0000 - 0x00007ff9b7f05000 	C:\WINDOWS\System32\SHELL32.dll
0x00007ff9b6c10000 - 0x00007ff9b6d78000 	C:\WINDOWS\System32\wintypes.dll
0x00007ff9b3ed0000 - 0x00007ff9b4715000 	C:\WINDOWS\SYSTEM32\windows.storage.dll
0x00007ff9b8480000 - 0x00007ff9b856b000 	C:\WINDOWS\System32\SHCORE.dll
0x00007ff9b8db0000 - 0x00007ff9b8e0d000 	C:\WINDOWS\System32\shlwapi.dll
0x00007ff9b6130000 - 0x00007ff9b615f000 	C:\WINDOWS\SYSTEM32\profapi.dll
0x00007ff91efc0000 - 0x00007ff91f097000 	C:\Program Files\Java\jdk-21\bin\jsvml.dll
0x00007ff9a5da0000 - 0x00007ff9a5dac000 	C:\Program Files\Java\jdk-21\bin\dt_socket.dll
0x00007ff9b4ae0000 - 0x00007ff9b4b13000 	C:\WINDOWS\SYSTEM32\IPHLPAPI.DLL
0x00007ff9b5560000 - 0x00007ff9b55ca000 	C:\WINDOWS\system32\mswsock.dll
0x00007ff9b4b20000 - 0x00007ff9b4c45000 	C:\WINDOWS\SYSTEM32\DNSAPI.dll
0x00007ff9b77e0000 - 0x00007ff9b77ea000 	C:\WINDOWS\System32\NSI.dll
0x00007ff9a9fc0000 - 0x00007ff9a9fcb000 	C:\Windows\System32\rasadhlp.dll
0x00007ff9b0530000 - 0x00007ff9b05b5000 	C:\WINDOWS\System32\fwpuclnt.dll
0x00007ff98c0e0000 - 0x00007ff98c0f0000 	C:\Program Files\Java\jdk-21\bin\net.dll
0x00007ff9ac130000 - 0x00007ff9ac24e000 	C:\WINDOWS\SYSTEM32\WINHTTP.dll
0x00007ff985a90000 - 0x00007ff985aa6000 	C:\Program Files\Java\jdk-21\bin\nio.dll
0x00007ff9855a0000 - 0x00007ff9855b8000 	C:\Program Files\Java\jdk-21\bin\zip.dll
0x00007ff9a5d90000 - 0x00007ff9a5d9a000 	C:\Program Files\Java\jdk-21\bin\management.dll
0x00007ff9a5d80000 - 0x00007ff9a5d8b000 	C:\Program Files\Java\jdk-21\bin\management_ext.dll
0x00007ff9b70b0000 - 0x00007ff9b70b8000 	C:\WINDOWS\System32\PSAPI.DLL
0x00007ff99cb90000 - 0x00007ff99cb9e000 	C:\Program Files\Java\jdk-21\bin\sunmscapi.dll
0x00007ff9b6a90000 - 0x00007ff9b6c07000 	C:\WINDOWS\System32\CRYPT32.dll
0x00007ff9b5990000 - 0x00007ff9b59c0000 	C:\WINDOWS\SYSTEM32\ncrypt.dll
0x00007ff9b5940000 - 0x00007ff9b597f000 	C:\WINDOWS\SYSTEM32\NTASN1.dll
0x00007ff9b5800000 - 0x00007ff9b581c000 	C:\WINDOWS\SYSTEM32\CRYPTSP.dll
0x00007ff9b4fa0000 - 0x00007ff9b4fda000 	C:\WINDOWS\system32\rsaenh.dll
0x00007ff9b5600000 - 0x00007ff9b562b000 	C:\WINDOWS\SYSTEM32\USERENV.dll
0x00007ff9b59d0000 - 0x00007ff9b59f6000 	C:\WINDOWS\SYSTEM32\bcrypt.dll
0x00007ff9b5820000 - 0x00007ff9b582c000 	C:\WINDOWS\SYSTEM32\CRYPTBASE.dll
0x00007ff99cb80000 - 0x00007ff99cb90000 	C:\Program Files\Java\jdk-21\bin\verify.dll
0x00007ff996740000 - 0x00007ff996749000 	C:\Program Files\Java\jdk-21\bin\extnet.dll
0x00007ff98dbb0000 - 0x00007ff98dbb8000 	C:\WINDOWS\system32\wshunix.dll

dbghelp: loaded successfully - version: 4.0.5 - missing functions: none
symbol engine: initialized successfully - sym options: 0x614 - pdb path: .;C:\Program Files\Java\jdk-21\bin;C:\WINDOWS\SYSTEM32;C:\WINDOWS\WinSxS\amd64_microsoft.windows.common-controls_6595b64144ccf1df_6.0.26100.3323_none_3e088096e3344490;C:\Program Files\Java\jdk-21\bin\server

VM Arguments:
jvm_args: -agentlib:jdwp=transport=dt_socket,server=n,suspend=y,address=localhost:57388 -XX:+ShowCodeDetailsInExceptionMessages 
java_command: com.example.demo.DemoApplication
java_class_path (initial): C:\Users\falea\Desktop\Unicv\2025-1\POO com Java\Exemplo Spring Aula\demo\target\classes;C:\Users\falea\.m2\repository\org\springframework\boot\spring-boot-starter-data-rest\3.2.2\spring-boot-starter-data-rest-3.2.2.jar;C:\Users\falea\.m2\repository\org\springframework\data\spring-data-rest-webmvc\4.2.2\spring-data-rest-webmvc-4.2.2.jar;C:\Users\falea\.m2\repository\org\springframework\data\spring-data-rest-core\4.2.2\spring-data-rest-core-4.2.2.jar;C:\Users\falea\.m2\repository\org\springframework\hateoas\spring-hateoas\2.2.0\spring-hateoas-2.2.0.jar;C:\Users\falea\.m2\repository\org\springframework\plugin\spring-plugin-core\3.0.0\spring-plugin-core-3.0.0.jar;C:\Users\falea\.m2\repository\org\atteo\evo-inflector\1.3\evo-inflector-1.3.jar;C:\Users\falea\.m2\repository\com\fasterxml\jackson\core\jackson-databind\2.15.3\jackson-databind-2.15.3.jar;C:\Users\falea\.m2\repository\com\fasterxml\jackson\core\jackson-core\2.15.3\jackson-core-2.15.3.jar;C:\Users\falea\.m2\repository\com\fasterxml\jackson\core\jackson-annotations\2.15.3\jackson-annotations-2.15.3.jar;C:\Users\falea\.m2\repository\org\slf4j\slf4j-api\2.0.11\slf4j-api-2.0.11.jar;C:\Users\falea\.m2\repository\org\springframework\boot\spring-boot-starter-web\3.2.2\spring-boot-starter-web-3.2.2.jar;C:\Users\falea\.m2\repository\org\springframework\boot\spring-boot-starter\3.2.2\spring-boot-starter-3.2.2.jar;C:\Users\falea\.m2\repository\org\springframework\boot\spring-boot-starter-logging\3.2.2\spring-boot-starter-logging-3.2.2.jar;C:\Users\falea\.m2\repository\ch\qos\logback\logback-classic\1.4.14\logback-classic-1.4.14.jar;C:\Users\falea\.m2\repository\ch\qos\logback\logback-core\1.4.14\logback-core-1.4.14.jar;C:\Users\falea\.m2\repository\org\apache\logging\log4j\log4j-to-slf4j\2.21.1\log4j-to-slf4j-2.21.1.jar;C:\Users\falea\.m2\repository\org\apache\logging\log4j\log4j-api\2.21.1\log4j-api-2.21.1.jar;C:\Users\falea\.m2\repository\org\slf4j\jul-to-slf4j\2.0.11\jul-to-slf4j-2.0.11.jar;C:\Users\falea\.m2\repository\jakarta\annotation\jakarta.annotation-api\2.1.1\jakarta.annotation-api-2.1.1.jar;C:\Users\falea\.m2\repository\org\yaml\snakeyaml\2.2\snakeyaml-2.2.jar;C:\Users\falea\.m2\repository\org\springframework\boot\spring-boot-starter-json\3.2.2\spring-boot-starter-json-3.2.2.jar;C:\Users\falea\.m2\repository\com\fasterxml\jackson\datatype\jackson-datatype-jdk8\2.15.3\jackson-datatype-jdk8-2.15.3.jar;C:\Users\falea\.m2\repository\com\fasterxml\jackson\datatype\jackson-datatype-jsr310\2.15.3\jackson-datatype-jsr310-2.15.3.jar;C:\Users\falea\.m2\repository\com\fasterxml\jackson\module\jackson-module-parameter-names\2.15.3\jackson-module-parameter-names-2.15.3.jar;C:\Users\falea\.m2\repository\org\springframework\boot\spring-boot-starter-tomcat\3.2.2\spring-boot-starter-tomcat-3.2.2.jar;C:\Users\falea\.m2\repository\org\apache\tomcat\embed\tomcat-embed-core\10.1.18\tomcat-embed-core-10.1.18.jar;C:\Users\falea\.m2\repository\org\apache\tomcat\embed\tomcat-embed-el\10.1.18\tomcat-embed-el-10.1.18.jar;C:\Users\falea\.m2\repository\org\apache\tomcat\embed\tomcat-embed-websocket\10.1.18\tomcat-embed-websocket-10.1.18.jar;C:\Users\falea\.m2\repository\org\springframework\spring-web\6.1.3\spring-web-6.1.3.jar;C:\Users\falea\.m2\repository\org\springframework\spring-beans\6.1.3\spring-beans-6.1.3.jar;C:\Users\falea\.m2\repository\io\micrometer\micrometer-observation\1.12.2\micrometer-observation-1.12.2.jar;C:\Users\falea\.m2\repository\io\micrometer\micrometer-commons\1.12.2\micrometer-commons-1.12.2.jar;C:\Users\falea\.m2\repository\org\springframework\spring-webmvc\6.1.3\spring-webmvc-6.1.3.jar;C:\Users\falea\.m2\repository\org\springframework\spring-aop\6.1.3\spring-aop-6.1.3.jar;C:\Users\falea\.m2\repository\org\springframework\spring-context\6.1.3\spring-context-6.1.3.jar;C:\Users\falea\.m2\repository\org\springframework\spring-expression\6.1.3\spring-expression-6.1.3.jar;C:\Users\falea\.m2\repository\org\springframework\boot\spring-boot-devtools\3.2.2\spring-boot-devtools-3.2.2.jar;C:\Users\falea\.m2\repository\org\springframework\boot\spring-boot\3.2.2\spring-boot-3.2.2.jar;C:\Users\falea\.m2\repository\org\springframework\boot\spring-boot-autoconfigure\3.2.2\spring-boot-autoconfigure-3.2.2.jar;C:\Users\falea\.m2\repository\org\projectlombok\lombok\1.18.30\lombok-1.18.30.jar;C:\Users\falea\.m2\repository\com\jayway\jsonpath\json-path\2.8.0\json-path-2.8.0.jar;C:\Users\falea\.m2\repository\jakarta\xml\bind\jakarta.xml.bind-api\4.0.1\jakarta.xml.bind-api-4.0.1.jar;C:\Users\falea\.m2\repository\jakarta\activation\jakarta.activation-api\2.1.2\jakarta.activation-api-2.1.2.jar;C:\Users\falea\.m2\repository\net\minidev\json-smart\2.5.0\json-smart-2.5.0.jar;C:\Users\falea\.m2\repository\net\minidev\accessors-smart\2.5.0\accessors-smart-2.5.0.jar;C:\Users\falea\.m2\repository\org\ow2\asm\asm\9.3\asm-9.3.jar;C:\Users\falea\.m2\repository\net\bytebuddy\byte-buddy\1.14.11\byte-buddy-1.14.11.jar;C:\Users\falea\.m2\repository\org\springframework\spring-core\6.1.3\spring-core-6.1.3.jar;C:\Users\falea\.m2\repository\org\springframework\spring-jcl\6.1.3\spring-jcl-6.1.3.jar;C:\Users\falea\.m2\repository\org\springdoc\springdoc-openapi-starter-webmvc-ui\2.3.0\springdoc-openapi-starter-webmvc-ui-2.3.0.jar;C:\Users\falea\.m2\repository\org\springdoc\springdoc-openapi-starter-webmvc-api\2.3.0\springdoc-openapi-starter-webmvc-api-2.3.0.jar;C:\Users\falea\.m2\repository\org\springdoc\springdoc-openapi-starter-common\2.3.0\springdoc-openapi-starter-common-2.3.0.jar;C:\Users\falea\.m2\repository\io\swagger\core\v3\swagger-core-jakarta\2.2.19\swagger-core-jakarta-2.2.19.jar;C:\Users\falea\.m2\repository\org\apache\commons\commons-lang3\3.13.0\commons-lang3-3.13.0.jar;C:\Users\falea\.m2\repository\io\swagger\core\v3\swagger-annotations-jakarta\2.2.19\swagger-annotations-jakarta-2.2.19.jar;C:\Users\falea\.m2\repository\io\swagger\core\v3\swagger-models-jakarta\2.2.19\swagger-models-jakarta-2.2.19.jar;C:\Users\falea\.m2\repository\jakarta\validation\jakarta.validation-api\3.0.2\jakarta.validation-api-3.0.2.jar;C:\Users\falea\.m2\repository\com\fasterxml\jackson\dataformat\jackson-dataformat-yaml\2.15.3\jackson-dataformat-yaml-2.15.3.jar;C:\Users\falea\.m2\repository\org\webjars\swagger-ui\5.10.3\swagger-ui-5.10.3.jar;C:\Users\falea\.m2\repository\org\postgresql\postgresql\42.6.0\postgresql-42.6.0.jar;C:\Users\falea\.m2\repository\org\checkerframework\checker-qual\3.31.0\checker-qual-3.31.0.jar;C:\Users\falea\.m2\repository\org\springframework\boot\spring-boot-starter-data-jpa\3.2.2\spring-boot-starter-data-jpa-3.2.2.jar;C:\Users\falea\.m2\repository\org\springframework\boot\spring-boot-starter-aop\3.2.2\spring-boot-starter-aop-3.2.2.jar;C:\Users\falea\.m2\repository\org\aspectj\aspectjweaver\1.9.21\aspectjweaver-1.9.21.jar;C:\Users\falea\.m2\repository\org\springframework\boot\spring-boot-starter-jdbc\3.2.2\spring-boot-starter-jdbc-3.2.2.jar;C:\Users\falea\.m2\repository\com\zaxxer\HikariCP\5.0.1\HikariCP-5.0.1.jar;C:\Users\falea\.m2\repository\org\springframework\spring-jdbc\6.1.3\spring-jdbc-6.1.3.jar;C:\Users\falea\.m2\repository\org\hibernate\orm\hibernate-core\6.4.1.Final\hibernate-core-6.4.1.Final.jar;C:\Users\falea\.m2\repository\jakarta\persistence\jakarta.persistence-api\3.1.0\jakarta.persistence-api-3.1.0.jar;C:\Users\falea\.m2\repository\jakarta\transaction\jakarta.transaction-api\2.0.1\jakarta.transaction-api-2.0.1.jar;C:\Users\falea\.m2\repository\org\jboss\logging\jboss-logging\3.5.3.Final\jboss-logging-3.5.3.Final.jar;C:\Users\falea\.m2\repository\org\hibernate\common\hibernate-commons-annotations\6.0.6.Final\hibernate-commons-annotations-6.0.6.Final.jar;C:\Users\falea\.m2\repository\io\smallrye\jandex\3.1.2\jandex-3.1.2.jar;C:\Users\falea\.m2\repository\com\fasterxml\classmate\1.6.0\classmate-1.6.0.jar;C:\Users\falea\.m2\repository\org\glassfish\jaxb\jaxb-runtime\4.0.4\jaxb-runtime-4.0.4.jar;C:\Users\falea\.m2\repository\org\glassfish\jaxb\jaxb-core\4.0.4\jaxb-core-4.0.4.jar;C:\Users\falea\.m2\repository\org\eclipse\angus\angus-activation\2.0.1\angus-activation-2.0.1.jar;C:\Users\falea\.m2\repository\org\glassfish\jaxb\txw2\4.0.4\txw2-4.0.4.jar;C:\Users\falea\.m2\repository\com\sun\istack\istack-commons-runtime\4.1.2\istack-commons-runtime-4.1.2.jar;C:\Users\falea\.m2\repository\jakarta\inject\jakarta.inject-api\2.0.1\jakarta.inject-api-2.0.1.jar;C:\Users\falea\.m2\repository\org\antlr\antlr4-runtime\4.13.0\antlr4-runtime-4.13.0.jar;C:\Users\falea\.m2\repository\org\springframework\data\spring-data-jpa\3.2.2\spring-data-jpa-3.2.2.jar;C:\Users\falea\.m2\repository\org\springframework\data\spring-data-commons\3.2.2\spring-data-commons-3.2.2.jar;C:\Users\falea\.m2\repository\org\springframework\spring-orm\6.1.3\spring-orm-6.1.3.jar;C:\Users\falea\.m2\repository\org\springframework\spring-tx\6.1.3\spring-tx-6.1.3.jar;C:\Users\falea\.m2\repository\org\springframework\spring-aspects\6.1.3\spring-aspects-6.1.3.jar;C:\Users\falea\.m2\repository\org\mapstruct\mapstruct\1.5.5.Final\mapstruct-1.5.5.Final.jar;C:\Users\falea\.m2\repository\org\mapstruct\mapstruct-processor\1.5.5.Final\mapstruct-processor-1.5.5.Final.jar;C:\Users\falea\.m2\repository\org\projectlombok\lombok-mapstruct-binding\0.2.0\lombok-mapstruct-binding-0.2.0.jar
Launcher Type: SUN_STANDARD

[Global flags]
     intx CICompilerCount                          = 4                                         {product} {ergonomic}
     uint ConcGCThreads                            = 3                                         {product} {ergonomic}
     uint G1ConcRefinementThreads                  = 10                                        {product} {ergonomic}
   size_t G1HeapRegionSize                         = 2097152                                   {product} {ergonomic}
    uintx GCDrainStackTargetSize                   = 64                                        {product} {ergonomic}
   size_t InitialHeapSize                          = 264241152                                 {product} {ergonomic}
   size_t MarkStackSize                            = 4194304                                   {product} {ergonomic}
   size_t MaxHeapSize                              = 4213178368                                {product} {ergonomic}
   size_t MaxNewSize                               = 2527068160                                {product} {ergonomic}
   size_t MinHeapDeltaBytes                        = 2097152                                   {product} {ergonomic}
   size_t MinHeapSize                              = 8388608                                   {product} {ergonomic}
    uintx NonNMethodCodeHeapSize                   = 5839372                                {pd product} {ergonomic}
    uintx NonProfiledCodeHeapSize                  = 122909434                              {pd product} {ergonomic}
    uintx ProfiledCodeHeapSize                     = 122909434                              {pd product} {ergonomic}
    uintx ReservedCodeCacheSize                    = 251658240                              {pd product} {ergonomic}
     bool SegmentedCodeCache                       = true                                      {product} {ergonomic}
     bool ShowCodeDetailsInExceptionMessages       = true                                   {manageable} {command line}
   size_t SoftMaxHeapSize                          = 4213178368                             {manageable} {ergonomic}
     bool UseCompressedOops                        = true                           {product lp64_product} {ergonomic}
     bool UseG1GC                                  = true                                      {product} {ergonomic}
     bool UseLargePagesIndividualAllocation        = false                                  {pd product} {ergonomic}

Logging:
Log output configuration:
 #0: stdout all=warning uptime,level,tags foldmultilines=false
 #1: stderr all=off uptime,level,tags foldmultilines=false

Environment Variables:
JAVA_HOME=C:\Program Files\Java\jdk-21
CLASSPATH=C:\Program Files\Java\jdk-22\bin
PATH=C:\Users\falea\AppData\Roaming\Code\User\globalStorage\pleiades.java-extension-pack-jdk\gradle\latest\bin;C:\Users\falea\AppData\Roaming\Code\User\globalStorage\pleiades.java-extension-pack-jdk\maven\latest\bin;C:\Program Files\Java\jdk-21\bin;C:\Program Files\Zulu\zulu-23\bin\;C:\Program Files\Microsoft SDKs\Azure\CLI2\wbin;C:\Program Files\Common Files\Oracle\Java\javapath;C:\Program Files (x86)\Common Files\Oracle\Java\java8path;C:\Program Files (x86)\Common Files\Oracle\Java\javapath;C:\WINDOWS\system32;C:\WINDOWS;C:\WINDOWS\System32\Wbem;C:\WINDOWS\System32\WindowsPowerShell\v1.0\;C:\WINDOWS\System32\OpenSSH\;C:\Program Files\dotnet\;C:\Program Files\Microsoft SQL Server\150\Tools\Binn\;C:\Program Files\Microsoft SQL Server\Client SDK\ODBC\170\Tools\Binn\;C:\Program Files\Docker\Docker\resources\bin;C:\ProgramData\chocolatey\bin;C:\Program Files\Java\jdk-21\bin;C:\Program Files\nodejs\;C:\Users\falea\AppData\Local\Microsoft\WindowsApps;C:\Users\falea\AppData\Local\Programs\Microsoft VS Code\bin;C:\Users\falea\.dotnet\tools;C:\Users\falea\AppData\Local\GitHubDesktop\bin;C:\Users\falea\AppData\Local\Microsoft\WinGet\Packages\Kubernetes.kubectl_Microsoft.Winget.Source_8wekyb3d8bbwe;C:\Users\falea\AppData\Local\Microsoft\WinGet\Packages\Microsoft.Azure.Kubelogin_Microsoft.Winget.Source_8wekyb3d8bbwe\./bin/windows_amd64;C:\Users\falea\AppData\Roaming\npm;
USERNAME=falea
LANG=en_US.UTF-8
OS=Windows_NT
PROCESSOR_IDENTIFIER=Intel64 Family 6 Model 154 Stepping 4, GenuineIntel
TMP=C:\Users\falea\AppData\Local\Temp
TEMP=C:\Users\falea\AppData\Local\Temp




Periodic native trim disabled

---------------  S Y S T E M  ---------------

OS:
 Windows 11 , 64 bit Build 26100 (10.0.26100.3323)
OS uptime: 5 days 0:43 hours
Hyper-V role detected

CPU: total 12 (initial active 12) (6 cores per cpu, 2 threads per core) family 6 model 154 stepping 4 microcode 0x435, cx8, cmov, fxsr, ht, mmx, 3dnowpref, sse, sse2, sse3, ssse3, sse4.1, sse4.2, popcnt, lzcnt, tsc, tscinvbit, avx, avx2, aes, erms, clmul, bmi1, bmi2, adx, sha, fma, vzeroupper, clflush, clflushopt, clwb, hv, serialize, rdtscp, rdpid, fsrm, f16c, cet_ibt, cet_ss
Processor Information for all 12 processors :
  Max Mhz: 1300, Current Mhz: 1300, Mhz Limit: 1300

Memory: 4k page, system-wide physical 16068M (979M free)
TotalPageFile size 28658M (AvailPageFile size 966M)
current process WorkingSet (physical memory assigned to process): 296M, peak: 438M
current process commit charge ("private bytes"): 339M, peak: 477M

vm_info: Java HotSpot(TM) 64-Bit Server VM (21.0.2+13-LTS-58) for windows-amd64 JRE (21.0.2+13-LTS-58), built on 2024-01-05T18:32:24Z by "mach5one" with MS VC++ 17.1 (VS2022)

END.
